<?xml version="1.0" encoding="UTF-8"?>
<testng-results ignored="0" total="2" passed="2" failed="0" skipped="0">
  <reporter-output>
  </reporter-output>
  <suite started-at="2024-09-11T14:59:27 IST" name="Suite" finished-at="2024-09-11T14:59:35 IST" duration-ms="7917">
    <groups>
    </groups>
    <test started-at="2024-09-11T14:59:27 IST" name="Test" finished-at="2024-09-11T14:59:35 IST" duration-ms="7917">
      <class name="Assignment.Unsuccessful_Login">
        <test-method signature="test()[pri:0, instance:Assignment.Unsuccessful_Login@7e0b85f9]" started-at="2024-09-11T14:59:32 IST" name="test" finished-at="2024-09-11T14:59:35 IST" duration-ms="3690" status="PASS">
          <reporter-output>
          </reporter-output>
        </test-method> <!-- test -->
      </class> <!-- Assignment.Unsuccessful_Login -->
      <class name="Assignment.Successful_Login">
        <test-method signature="test()[pri:0, instance:Assignment.Successful_Login@353d0772]" started-at="2024-09-11T14:59:27 IST" name="test" finished-at="2024-09-11T14:59:32 IST" duration-ms="4195" status="PASS">
          <reporter-output>
          </reporter-output>
        </test-method> <!-- test -->
      </class> <!-- Assignment.Successful_Login -->
    </test> <!-- Test -->
  </suite> <!-- Suite -->
</testng-results>
